<?xml version="1.0" encoding="UTF-8"?>
<!-- Generated by org.testng.reporters.JUnitReportReporter -->
<testsuite hostname="LAPTOP-P42BDU4T" failures="0" tests="1" name="Selenium.TestNG_Package.Four" time="0.009" errors="0" timestamp="2024-08-29T17:17:36 IST" skipped="0">
  <testcase classname="Selenium.TestNG_Package.Four" name="searching_the_product" time="0.009"/>
  <system-out/>
</testsuite> <!-- Selenium.TestNG_Package.Four -->
