<?xml version="1.0" encoding="UTF-8"?>
<!-- Generated by org.testng.reporters.JUnitReportReporter -->
<testsuite hostname="LAPTOP-P42BDU4T" failures="0" tests="3" name="Selenium.TestNG_Package.Grouping" time="0.010" errors="0" timestamp="2024-09-02T18:41:05 IST" skipped="0">
  <testcase classname="Selenium.TestNG_Package.Grouping" name="test2" time="0.007"/>
  <system-out/>
  <testcase classname="Selenium.TestNG_Package.Grouping" name="test5" time="0.001"/>
  <system-out/>
  <testcase classname="Selenium.TestNG_Package.Grouping" name="test3" time="0.002"/>
  <system-out/>
</testsuite> <!-- Selenium.TestNG_Package.Grouping -->
