<?xml version="1.0" encoding="UTF-8"?>
<!-- Generated by org.testng.reporters.JUnitReportReporter -->
<testsuite hostname="LAPTOP-P42BDU4T" failures="0" tests="3" name="Selenium.TestNG_Package.CrossBrowser_Testing" time="41.381" errors="0" timestamp="2024-09-02T20:10:33 IST" skipped="0">
  <testcase classname="Selenium.TestNG_Package.CrossBrowser_Testing" name="testcase1" time="13.533"/>
  <system-out/>
  <testcase classname="Selenium.TestNG_Package.CrossBrowser_Testing" name="testcase1" time="11.351"/>
  <system-out/>
  <testcase classname="Selenium.TestNG_Package.CrossBrowser_Testing" name="testcase1" time="16.497"/>
  <system-out/>
</testsuite> <!-- Selenium.TestNG_Package.CrossBrowser_Testing -->
