<?xml version="1.0" encoding="UTF-8"?>
<!-- Generated by org.testng.reporters.JUnitReportReporter -->
<testsuite hostname="LAPTOP-P42BDU4T" failures="0" tests="1" name="FB_Test.TestCase1" time="6.610" errors="0" timestamp="2024-09-13T18:53:10 IST" skipped="0">
  <testcase classname="FB_Test.TestCase1" name="login_to_facebook" time="6.610"/>
  <system-out/>
</testsuite> <!-- FB_Test.TestCase1 -->
