<?xml version="1.0" encoding="UTF-8"?>
<!-- Generated by org.testng.reporters.JUnitReportReporter -->
<testsuite hostname="LAPTOP-P42BDU4T" failures="0" tests="1" name="Test.TestCase2" time="26.537" errors="0" timestamp="2024-08-30T14:35:39 IST" skipped="0">
  <testcase classname="Test.TestCase2" name="search_cart" time="26.537"/>
  <system-out/>
</testsuite> <!-- Test.TestCase2 -->
