<?xml version="1.0" encoding="UTF-8"?>
<!-- Generated by org.testng.reporters.JUnitReportReporter -->
<testsuite hostname="LAPTOP-P42BDU4T" failures="0" tests="1" name="amz.test.TestCase1" time="16.580" errors="0" timestamp="2024-09-19T14:19:26 IST" skipped="0">
  <testcase classname="amz.test.TestCase1" name="login_to_amazon" time="16.580"/>
  <system-out/>
</testsuite> <!-- amz.test.TestCase1 -->
