<?xml version="1.0" encoding="UTF-8"?>
<!-- Generated by org.testng.reporters.JUnitReportReporter -->
<testsuite hostname="LAPTOP-P42BDU4T" failures="0" tests="1" name="Practice.Selenium.FlightBookingAutomate" time="19.446" errors="0" timestamp="2024-08-30T15:20:06 IST" skipped="0">
  <testcase classname="Practice.Selenium.FlightBookingAutomate" name="booking" time="19.446"/>
  <system-out/>
</testsuite> <!-- Practice.Selenium.FlightBookingAutomate -->
