<?xml version="1.0" encoding="UTF-8"?>
<!-- Generated by org.testng.reporters.JUnitReportReporter -->
<testsuite hostname="LAPTOP-P42BDU4T" failures="0" tests="3" name="Selenium.TestNG_Package.Parallel_BrowserTesting" time="89.977" errors="0" timestamp="2024-09-02T20:19:30 IST" skipped="0">
  <testcase classname="Selenium.TestNG_Package.Parallel_BrowserTesting" name="testcase1" time="35.664"/>
  <system-out/>
  <testcase classname="Selenium.TestNG_Package.Parallel_BrowserTesting" name="testcase1" time="28.956"/>
  <system-out/>
  <testcase classname="Selenium.TestNG_Package.Parallel_BrowserTesting" name="testcase1" time="25.357"/>
  <system-out/>
</testsuite> <!-- Selenium.TestNG_Package.Parallel_BrowserTesting -->
