<?xml version="1.0" encoding="UTF-8"?>
<!-- Generated by org.testng.reporters.JUnitReportReporter -->
<testsuite hostname="LAPTOP-P42BDU4T" failures="0" tests="5" name="Selenium.TestNG_Package.Eight" time="0.012" errors="0" timestamp="2024-08-29T17:36:53 IST" skipped="0">
  <testcase classname="Selenium.TestNG_Package.Eight" name="testcase1" time="0.009"/>
  <system-out/>
  <testcase classname="Selenium.TestNG_Package.Eight" name="testcase1" time="0.000"/>
  <system-out/>
  <testcase classname="Selenium.TestNG_Package.Eight" name="testcase1" time="0.001"/>
  <system-out/>
  <testcase classname="Selenium.TestNG_Package.Eight" name="testcase1" time="0.001"/>
  <system-out/>
  <testcase classname="Selenium.TestNG_Package.Eight" name="testcase1" time="0.001"/>
  <system-out/>
</testsuite> <!-- Selenium.TestNG_Package.Eight -->
