<?xml version="1.0" encoding="UTF-8"?>
<!-- Generated by org.testng.reporters.JUnitReportReporter -->
<testsuite hostname="LAPTOP-P42BDU4T" failures="0" tests="1" name="Selenium.TestNG_Package.Parameter_Annotations" time="29.130" errors="0" timestamp="2024-09-02T19:59:20 IST" skipped="0">
  <testcase classname="Selenium.TestNG_Package.Parameter_Annotations" name="parameter" time="29.130"/>
  <system-out/>
</testsuite> <!-- Selenium.TestNG_Package.Parameter_Annotations -->
