<?xml version="1.0" encoding="UTF-8"?>
<!-- Generated by org.testng.reporters.JUnitReportReporter -->
<testsuite hostname="LAPTOP-P42BDU4T" failures="0" tests="2" name="Selenium.TestNG_Package.Two" time="0.014" errors="0" timestamp="2024-08-29T20:47:52 IST" skipped="0">
  <testcase classname="Selenium.TestNG_Package.Two" name="TestCase2" time="0.002"/>
  <system-out/>
  <testcase classname="Selenium.TestNG_Package.Two" name="TestCase1" time="0.012"/>
  <system-out/>
</testsuite> <!-- Selenium.TestNG_Package.Two -->
