<?xml version="1.0" encoding="UTF-8"?>
<!-- Generated by org.testng.reporters.JUnitReportReporter -->
<testsuite hostname="LAPTOP-P42BDU4T" failures="0" tests="5" name="Assgmnt_Testng.TwoParamter_SingleTC" time="0.010" errors="0" timestamp="2024-08-30T14:07:54 IST" skipped="0">
  <testcase classname="Assgmnt_Testng.TwoParamter_SingleTC" name="korean" time="0.001"/>
  <system-out/>
  <testcase classname="Assgmnt_Testng.TwoParamter_SingleTC" name="korean" time="0.001"/>
  <system-out/>
  <testcase classname="Assgmnt_Testng.TwoParamter_SingleTC" name="korean" time="0.006"/>
  <system-out/>
  <testcase classname="Assgmnt_Testng.TwoParamter_SingleTC" name="korean" time="0.001"/>
  <system-out/>
  <testcase classname="Assgmnt_Testng.TwoParamter_SingleTC" name="korean" time="0.001"/>
  <system-out/>
</testsuite> <!-- Assgmnt_Testng.TwoParamter_SingleTC -->
