<?xml version="1.0" encoding="UTF-8"?>
<!-- Generated by org.testng.reporters.JUnitReportReporter -->
<testsuite hostname="LAPTOP-P42BDU4T" failures="0" tests="1" name="Selenium.TestNG_Package.One" time="0.009" errors="0" timestamp="2024-08-27T19:46:00 IST" skipped="0">
  <testcase classname="Selenium.TestNG_Package.One" name="login" time="0.009"/>
  <system-out/>
</testsuite> <!-- Selenium.TestNG_Package.One -->
