<?xml version="1.0" encoding="UTF-8"?>
<!-- Generated by org.testng.reporters.JUnitReportReporter -->
<testsuite hostname="LAPTOP-P42BDU4T" failures="0" tests="4" name="Selenium.TestNG_Package.DataProvider_CLass1" time="26.328" errors="0" timestamp="2024-09-06T21:06:41 IST" skipped="0">
  <testcase classname="Selenium.TestNG_Package.DataProvider_CLass1" name="testcase1" time="6.090"/>
  <system-out/>
  <testcase classname="Selenium.TestNG_Package.DataProvider_CLass1" name="testcase1" time="7.705"/>
  <system-out/>
  <testcase classname="Selenium.TestNG_Package.DataProvider_CLass1" name="testcase1" time="6.652"/>
  <system-out/>
  <testcase classname="Selenium.TestNG_Package.DataProvider_CLass1" name="testcase1" time="5.881"/>
  <system-out/>
</testsuite> <!-- Selenium.TestNG_Package.DataProvider_CLass1 -->
