<?xml version="1.0" encoding="UTF-8"?>
<!-- Generated by org.testng.reporters.JUnitReportReporter -->
<testsuite hostname="LAPTOP-P42BDU4T" failures="0" tests="3" name="Assgmnt_Testng.Testing" time="0.013" errors="0" timestamp="2024-08-29T18:11:28 IST" skipped="0">
  <testcase classname="Assgmnt_Testng.Testing" name="Myntra" time="0.004"/>
  <system-out/>
  <testcase classname="Assgmnt_Testng.Testing" name="FlipKart" time="0.001"/>
  <system-out/>
  <testcase classname="Assgmnt_Testng.Testing" name="Amazon" time="0.008"/>
  <system-out/>
</testsuite> <!-- Assgmnt_Testng.Testing -->
