<?xml version="1.0" encoding="UTF-8"?>
<!-- Generated by org.testng.reporters.JUnitReportReporter -->
<testsuite hostname="LAPTOP-P42BDU4T" failures="0" tests="2" name="Selenium.TestNG_Package.Five" time="0.031" errors="0" timestamp="2024-08-29T21:36:09 IST" skipped="0">
  <testcase classname="Selenium.TestNG_Package.Five" name="searching_the_product" time="0.021"/>
  <system-out/>
  <testcase classname="Selenium.TestNG_Package.Five" name="searching_to_cart" time="0.010"/>
  <system-out/>
</testsuite> <!-- Selenium.TestNG_Package.Five -->
