<?xml version="1.0" encoding="UTF-8"?>
<!-- Generated by org.testng.reporters.JUnitReportReporter -->
<testsuite hostname="LAPTOP-P42BDU4T" failures="0" tests="3" name="Selenium.TestNG_Package.Login_Amazon_DP3Sets" time="59.276" errors="0" timestamp="2024-09-06T18:27:13 IST" skipped="0">
  <testcase classname="Selenium.TestNG_Package.Login_Amazon_DP3Sets" name="testcase1" time="26.651"/>
  <system-out/>
  <testcase classname="Selenium.TestNG_Package.Login_Amazon_DP3Sets" name="testcase1" time="19.383"/>
  <system-out/>
  <testcase classname="Selenium.TestNG_Package.Login_Amazon_DP3Sets" name="testcase1" time="13.242"/>
  <system-out/>
</testsuite> <!-- Selenium.TestNG_Package.Login_Amazon_DP3Sets -->
