<?xml version="1.0" encoding="UTF-8"?>
<!-- Generated by org.testng.reporters.JUnitReportReporter -->
<testsuite hostname="LAPTOP-P42BDU4T" failures="0" tests="3" name="Selenium.TestNG_Package.Parallel_Testing" time="48.718" errors="0" timestamp="2024-09-02T20:05:41 IST" skipped="0">
  <testcase classname="Selenium.TestNG_Package.Parallel_Testing" name="testcase1" time="8.695"/>
  <system-out/>
  <testcase classname="Selenium.TestNG_Package.Parallel_Testing" name="testcase1" time="11.180"/>
  <system-out/>
  <testcase classname="Selenium.TestNG_Package.Parallel_Testing" name="testcase1" time="28.843"/>
  <system-out/>
</testsuite> <!-- Selenium.TestNG_Package.Parallel_Testing -->
