<?xml version="1.0" encoding="UTF-8"?>
<!-- Generated by org.testng.reporters.JUnitReportReporter -->
<testsuite hostname="LAPTOP-P42BDU4T" failures="0" tests="1" name="ItestListerner_Class.TestCasess1" time="8.823" errors="0" timestamp="2024-09-13T16:41:10 IST" skipped="0">
  <testcase classname="ItestListerner_Class.TestCasess1" name="logintoamazon" time="8.823"/>
  <system-out>
    <![CDATA[My Testcase is Pass]]>
  </system-out>
</testsuite> <!-- ItestListerner_Class.TestCasess1 -->
