<?xml version="1.0" encoding="UTF-8"?>
<!-- Generated by org.testng.reporters.JUnitReportReporter -->
<testsuite hostname="LAPTOP-P42BDU4T" failures="0" tests="3" name="Assgmnt_Testng.Priority_NegativePostive" time="0.010" errors="0" timestamp="2024-08-30T14:02:21 IST" skipped="0">
  <testcase classname="Assgmnt_Testng.Priority_NegativePostive" name="logout" time="0.009"/>
  <system-out/>
  <testcase classname="Assgmnt_Testng.Priority_NegativePostive" name="login" time="0.001"/>
  <system-out/>
  <testcase classname="Assgmnt_Testng.Priority_NegativePostive" name="register" time="0.000"/>
  <system-out/>
</testsuite> <!-- Assgmnt_Testng.Priority_NegativePostive -->
