<?xml version="1.0" encoding="UTF-8"?>
<!-- Generated by org.testng.reporters.JUnitReportReporter -->
<testsuite hostname="LAPTOP-P42BDU4T" failures="0" tests="4" name="Selenium.TestNG_Package.Priority_Test_Together" time="0.012" errors="0" timestamp="2024-09-03T19:05:46 IST" skipped="0">
  <testcase classname="Selenium.TestNG_Package.Priority_Test_Together" name="login" time="0.008"/>
  <system-out/>
  <testcase classname="Selenium.TestNG_Package.Priority_Test_Together" name="request" time="0.001"/>
  <system-out/>
  <testcase classname="Selenium.TestNG_Package.Priority_Test_Together" name="logout" time="0.001"/>
  <system-out/>
  <testcase classname="Selenium.TestNG_Package.Priority_Test_Together" name="register" time="0.002"/>
  <system-out/>
</testsuite> <!-- Selenium.TestNG_Package.Priority_Test_Together -->
