<?xml version="1.0" encoding="UTF-8"?>
<!-- Generated by org.testng.reporters.JUnitReportReporter -->
<testsuite hostname="LAPTOP-P42BDU4T" failures="0" tests="9" name="Selenium.TestNG_Package.DataProvider_CLass" time="0.107" errors="0" timestamp="2024-09-05T19:31:41 IST" skipped="0">
  <testcase classname="Selenium.TestNG_Package.DataProvider_CLass" name="testcase1" time="0.024"/>
  <system-out/>
  <testcase classname="Selenium.TestNG_Package.DataProvider_CLass" name="testcase1" time="0.030"/>
  <system-out/>
  <testcase classname="Selenium.TestNG_Package.DataProvider_CLass" name="testcase1" time="0.006"/>
  <system-out/>
  <testcase classname="Selenium.TestNG_Package.DataProvider_CLass" name="testcase1" time="0.002"/>
  <system-out/>
  <testcase classname="Selenium.TestNG_Package.DataProvider_CLass" name="testcase1" time="0.010"/>
  <system-out/>
  <testcase classname="Selenium.TestNG_Package.DataProvider_CLass" name="testcase1" time="0.008"/>
  <system-out/>
  <testcase classname="Selenium.TestNG_Package.DataProvider_CLass" name="testcase1" time="0.002"/>
  <system-out/>
  <testcase classname="Selenium.TestNG_Package.DataProvider_CLass" name="testcase1" time="0.009"/>
  <system-out/>
  <testcase classname="Selenium.TestNG_Package.DataProvider_CLass" name="testcase1" time="0.016"/>
  <system-out/>
</testsuite> <!-- Selenium.TestNG_Package.DataProvider_CLass -->
