<?xml version="1.0" encoding="UTF-8"?>
<!-- Generated by org.testng.reporters.JUnitReportReporter -->
<testsuite hostname="LAPTOP-P42BDU4T" failures="0" tests="1" name="Selenium.TestNG_Package.Assertion_Class" time="13.883" errors="0" timestamp="2024-09-09T16:46:14 IST" skipped="0">
  <testcase classname="Selenium.TestNG_Package.Assertion_Class" name="test1" time="13.883"/>
  <system-out/>
</testsuite> <!-- Selenium.TestNG_Package.Assertion_Class -->
